-- UBICOMP SERVER EXAMPLE DATABASE LOG --
2025-12-19 12:02:22.242 INFO  servlets.GetData.doGet(GetData.java:77) logdb ### Consultando Registro con fecha: 2025-12-19
2025-12-19 12:02:22.303 INFO  servlets.GetData.doGet(GetData.java:88) logdb ### Consulta completada, registros obtenidos: 1
2025-12-19 12:42:02.671 INFO  servlets.GetStreetIds.doGet(GetStreetIds.java:32) logdb ### GetStreetIds: ids obtenidos = 1
2025-12-19 12:42:04.671 INFO  servlets.GetData.doGet(GetData.java:51) logdb ### Consultando Street con street_id: ST_1678
2025-12-19 12:42:04.686 INFO  servlets.GetData.doGet(GetData.java:88) logdb ### Consulta completada, registros obtenidos: 1
2025-12-19 12:42:15.264 INFO  servlets.GetLicensePlates.doGet(GetLicensePlates.java:50) logdb ### GetLicensePlates: matrículas obtenidas = 11
2025-12-19 12:42:17.011 INFO  servlets.GetData.doGet(GetData.java:65) logdb ### Consultando Bicicleta con matricula: 0774UEC
2025-12-19 12:42:17.018 INFO  servlets.GetData.doGet(GetData.java:88) logdb ### Consulta completada, registros obtenidos: 1
2025-12-19 12:43:01.452 INFO  servlets.GetStreetIds.doGet(GetStreetIds.java:32) logdb ### GetStreetIds: ids obtenidos = 1
2025-12-19 13:01:30.038 INFO  servlets.GetStreetIds.doGet(GetStreetIds.java:32) logdb ### GetStreetIds: ids obtenidos = 1
2025-12-19 13:01:31.543 INFO  servlets.GetData.doGet(GetData.java:51) logdb ### Consultando Street con street_id: ST_1678
2025-12-19 13:01:31.563 INFO  servlets.GetData.doGet(GetData.java:88) logdb ### Consulta completada, registros obtenidos: 1
2025-12-19 13:01:41.601 INFO  servlets.GetLicensePlates.doGet(GetLicensePlates.java:50) logdb ### GetLicensePlates: matrículas obtenidas = 12
2025-12-19 13:01:45.129 INFO  servlets.GetData.doGet(GetData.java:65) logdb ### Consultando Coche con matricula: 1234ABC
2025-12-19 13:01:45.137 INFO  servlets.GetData.doGet(GetData.java:88) logdb ### Consulta completada, registros obtenidos: 1
2025-12-19 13:02:01.007 INFO  servlets.GetData.doGet(GetData.java:65) logdb ### Consultando Coche con matricula: 5678DEF
2025-12-19 13:02:01.014 INFO  servlets.GetData.doGet(GetData.java:88) logdb ### Consulta completada, registros obtenidos: 1
2025-12-19 13:02:09.566 INFO  servlets.GetData.doGet(GetData.java:65) logdb ### Consultando Coche con matricula: 9012GHI
2025-12-19 13:02:09.576 INFO  servlets.GetData.doGet(GetData.java:88) logdb ### Consulta completada, registros obtenidos: 1
2025-12-19 13:02:17.733 INFO  servlets.GetData.doGet(GetData.java:65) logdb ### Consultando Coche con matricula: 9996XXX
2025-12-19 13:02:17.740 INFO  servlets.GetData.doGet(GetData.java:88) logdb ### Consulta completada, registros obtenidos: 1
2025-12-19 13:03:00.085 INFO  servlets.GetData.doGet(GetData.java:65) logdb ### Consultando Coche con matricula: 9996XXX
2025-12-19 13:03:00.091 INFO  servlets.GetData.doGet(GetData.java:88) logdb ### Consulta completada, registros obtenidos: 1
2025-12-19 13:03:10.450 INFO  servlets.GetData.doGet(GetData.java:65) logdb ### Consultando Coche con matricula: 9996XXX
2025-12-19 13:03:10.459 INFO  servlets.GetData.doGet(GetData.java:88) logdb ### Consulta completada, registros obtenidos: 1
2025-12-19 13:03:17.332 INFO  servlets.GetLicensePlates.doGet(GetLicensePlates.java:50) logdb ### GetLicensePlates: matrículas obtenidas = 13
2025-12-19 13:03:22.817 INFO  servlets.GetData.doGet(GetData.java:65) logdb ### Consultando Coche con matricula: 9990XXX
2025-12-19 13:03:22.827 INFO  servlets.GetData.doGet(GetData.java:88) logdb ### Consulta completada, registros obtenidos: 1
2025-12-19 13:03:46.283 INFO  servlets.GetData.doGet(GetData.java:77) logdb ### Consultando Registro con fecha: 2025-12-19
2025-12-19 13:03:46.296 INFO  servlets.GetData.doGet(GetData.java:88) logdb ### Consulta completada, registros obtenidos: 11
2025-12-19 13:05:46.445 INFO  servlets.GetStreetIds.doGet(GetStreetIds.java:32) logdb ### GetStreetIds: ids obtenidos = 1
2025-12-19 13:06:12.380 INFO  servlets.GetData.doGet(GetData.java:77) logdb ### Consultando Registro con fecha: 2025-12-19
2025-12-19 13:06:12.388 INFO  servlets.GetData.doGet(GetData.java:88) logdb ### Consulta completada, registros obtenidos: 11
2025-12-19 13:06:20.358 INFO  servlets.GetLicensePlates.doGet(GetLicensePlates.java:50) logdb ### GetLicensePlates: matrículas obtenidas = 48
2025-12-19 13:06:31.307 INFO  servlets.GetData.doGet(GetData.java:65) logdb ### Consultando Camion con matricula: 3877YYG
2025-12-19 13:06:31.313 INFO  servlets.GetData.doGet(GetData.java:88) logdb ### Consulta completada, registros obtenidos: 1
2025-12-19 13:16:03.516 INFO  servlets.GetStreetIds.doGet(GetStreetIds.java:32) logdb ### GetStreetIds: ids obtenidos = 1
2025-12-19 13:16:05.564 INFO  servlets.GetData.doGet(GetData.java:51) logdb ### Consultando Street con street_id: ST_1678
2025-12-19 13:16:05.570 INFO  servlets.GetData.doGet(GetData.java:88) logdb ### Consulta completada, registros obtenidos: 1
2025-12-19 13:16:17.538 INFO  servlets.GetLicensePlates.doGet(GetLicensePlates.java:50) logdb ### GetLicensePlates: matrículas obtenidas = 48
2025-12-19 13:16:19.429 INFO  servlets.GetData.doGet(GetData.java:65) logdb ### Consultando Camion con matricula: 0087NWB
2025-12-19 13:16:19.437 INFO  servlets.GetData.doGet(GetData.java:88) logdb ### Consulta completada, registros obtenidos: 1
2025-12-19 13:16:43.128 INFO  servlets.GetData.doGet(GetData.java:77) logdb ### Consultando Registro con fecha: 2025-12-19
2025-12-19 13:16:43.137 INFO  servlets.GetData.doGet(GetData.java:88) logdb ### Consulta completada, registros obtenidos: 13
2025-12-19 13:20:55.549 INFO  servlets.GetData.doGet(GetData.java:77) logdb ### Consultando Registro con fecha: 2025-12-19
2025-12-19 13:20:55.558 INFO  servlets.GetData.doGet(GetData.java:88) logdb ### Consulta completada, registros obtenidos: 13
2025-12-19 13:34:38.392 INFO  servlets.GetData.doGet(GetData.java:77) logdb ### Consultando Registro con fecha: 2025-12-19
2025-12-19 13:34:38.409 INFO  servlets.GetData.doGet(GetData.java:88) logdb ### Consulta completada, registros obtenidos: 13
2025-12-19 13:40:00.475 INFO  servlets.GetData.doGet(GetData.java:77) logdb ### Consultando Registro con fecha: 2025-12-19
2025-12-19 13:40:00.487 INFO  servlets.GetData.doGet(GetData.java:88) logdb ### Consulta completada, registros obtenidos: 13
2025-12-19 13:46:58.417 INFO  servlets.GetData.doGet(GetData.java:77) logdb ### Consultando Registro con fecha: 2025-12-19
2025-12-19 13:46:58.427 INFO  servlets.GetData.doGet(GetData.java:88) logdb ### Consulta completada, registros obtenidos: 13
2025-12-19 13:59:10.672 INFO  servlets.GetData.doGet(GetData.java:77) logdb ### Consultando Registro con fecha: 2025-12-19
2025-12-19 13:59:10.680 INFO  servlets.GetData.doGet(GetData.java:88) logdb ### Consulta completada, registros obtenidos: 13
2025-12-19 14:03:44.953 INFO  servlets.GetData.doGet(GetData.java:77) logdb ### Consultando Registro con fecha: 2025-12-19
2025-12-19 14:03:44.961 INFO  servlets.GetData.doGet(GetData.java:88) logdb ### Consulta completada, registros obtenidos: 13
2025-12-19 14:06:12.366 INFO  servlets.GetData.doGet(GetData.java:77) logdb ### Consultando Registro con fecha: 2025-12-19
2025-12-19 14:06:12.376 INFO  servlets.GetData.doGet(GetData.java:88) logdb ### Consulta completada, registros obtenidos: 13
2025-12-19 14:08:24.488 INFO  servlets.GetData.doGet(GetData.java:77) logdb ### Consultando Registro con fecha: 2025-12-19
2025-12-19 14:08:24.496 INFO  servlets.GetData.doGet(GetData.java:88) logdb ### Consulta completada, registros obtenidos: 13
2025-12-19 14:11:11.430 INFO  servlets.GetData.doGet(GetData.java:77) logdb ### Consultando Registro con fecha: 2025-12-18
2025-12-19 14:11:11.439 INFO  servlets.GetData.doGet(GetData.java:88) logdb ### Consulta completada, registros obtenidos: 1
2025-12-19 14:12:13.577 INFO  servlets.GetData.doGet(GetData.java:77) logdb ### Consultando Registro con fecha: 2025-12-18
2025-12-19 14:12:13.583 INFO  servlets.GetData.doGet(GetData.java:88) logdb ### Consulta completada, registros obtenidos: 3
2025-12-19 14:13:42.522 INFO  servlets.GetData.doGet(GetData.java:77) logdb ### Consultando Registro con fecha: 2025-12-18
2025-12-19 14:13:42.529 INFO  servlets.GetData.doGet(GetData.java:88) logdb ### Consulta completada, registros obtenidos: 3
2025-12-19 14:22:47.704 INFO  servlets.GetData.doGet(GetData.java:77) logdb ### Consultando Registro con fecha: 2025-12-19
2025-12-19 14:22:47.711 INFO  servlets.GetData.doGet(GetData.java:88) logdb ### Consulta completada, registros obtenidos: 13
2025-12-19 16:37:27.042 INFO  servlets.GetStreetIds.doGet(GetStreetIds.java:32) logdb ### GetStreetIds: ids obtenidos = 1
2025-12-19 16:37:28.613 INFO  servlets.GetData.doGet(GetData.java:51) logdb ### Consultando Street con street_id: ST_1678
2025-12-19 16:37:28.622 INFO  servlets.GetData.doGet(GetData.java:88) logdb ### Consulta completada, registros obtenidos: 1
2025-12-19 16:37:37.074 INFO  servlets.GetLicensePlates.doGet(GetLicensePlates.java:50) logdb ### GetLicensePlates: matrículas obtenidas = 18
2025-12-19 16:37:41.676 INFO  servlets.GetLicensePlates.doGet(GetLicensePlates.java:50) logdb ### GetLicensePlates: matrículas obtenidas = 18
2025-12-19 16:37:43.572 INFO  servlets.GetData.doGet(GetData.java:65) logdb ### Consultando Coche con matricula: 1234ABC
2025-12-19 16:37:43.580 INFO  servlets.GetData.doGet(GetData.java:88) logdb ### Consulta completada, registros obtenidos: 1
2025-12-19 16:38:02.593 INFO  servlets.GetData.doGet(GetData.java:77) logdb ### Consultando Registro con fecha: 2025-12-19
2025-12-19 16:38:02.600 INFO  servlets.GetData.doGet(GetData.java:88) logdb ### Consulta completada, registros obtenidos: 13
2025-12-19 16:40:33.649 INFO  servlets.GetData.doGet(GetData.java:77) logdb ### Consultando Registro con fecha: 2025-12-18
2025-12-19 16:40:33.654 INFO  servlets.GetData.doGet(GetData.java:88) logdb ### Consulta completada, registros obtenidos: 5